<?xml version="1.0" encoding="UTF-8"?>
<!-- Generated by org.testng.reporters.JUnitReportReporter -->
<testsuite hostname="DESKTOP-QH61F7B" failures="0" tests="1" name="selenium.HomePage" time="21.662" errors="0" timestamp="2020-10-13T22:49:16 CEST" skipped="0">
  <testcase classname="selenium.HomePage" name="PageDresses" time="21.662"/>
  <system-out/>
</testsuite> <!-- selenium.HomePage -->
