<?xml version="1.0" encoding="UTF-8"?>
<!-- Generated by org.testng.reporters.JUnitReportReporter -->
<testsuite hostname="DESKTOP-QH61F7B" failures="0" tests="1" name="selenium.BuyMoreArticleTest" time="34.285" errors="0" timestamp="2020-10-15T22:55:06 CEST" skipped="0">
  <testcase classname="selenium.BuyMoreArticleTest" name="PageDresses" time="34.285"/>
  <system-out/>
</testsuite> <!-- selenium.BuyMoreArticleTest -->
